mode: set
github.com/leonard-atorough/tsdb/internal/collector.go:17.69,42.2 2 0
github.com/leonard-atorough/tsdb/internal/collector.go:48.69,52.2 1 0
github.com/leonard-atorough/tsdb/internal/collector.go:54.71,58.16 3 0
github.com/leonard-atorough/tsdb/internal/collector.go:58.16,60.3 1 0
github.com/leonard-atorough/tsdb/internal/collector.go:62.2,63.16 2 0
github.com/leonard-atorough/tsdb/internal/collector.go:63.16,65.3 1 0
github.com/leonard-atorough/tsdb/internal/collector.go:67.2,91.28 5 0
github.com/leonard-atorough/tsdb/internal/config.go:14.52,16.2 1 0
github.com/leonard-atorough/tsdb/internal/utils.go:11.39,13.16 2 0
github.com/leonard-atorough/tsdb/internal/utils.go:13.16,15.3 1 0
github.com/leonard-atorough/tsdb/internal/utils.go:17.2,17.6 1 0
github.com/leonard-atorough/tsdb/internal/utils.go:17.6,18.66 1 0
github.com/leonard-atorough/tsdb/internal/utils.go:18.66,20.4 1 0
github.com/leonard-atorough/tsdb/internal/utils.go:21.3,22.20 2 0
github.com/leonard-atorough/tsdb/internal/utils.go:22.20,24.4 1 0
github.com/leonard-atorough/tsdb/internal/utils.go:25.3,25.15 1 0
github.com/leonard-atorough/tsdb/internal/utils.go:29.55,31.16 2 0
github.com/leonard-atorough/tsdb/internal/utils.go:31.16,33.3 1 0
github.com/leonard-atorough/tsdb/internal/utils.go:34.2,34.36 1 0
github.com/leonard-atorough/tsdb/internal/utils.go:37.30,39.2 1 0
github.com/leonard-atorough/tsdb/internal/writer.go:16.54,19.26 2 1
github.com/leonard-atorough/tsdb/internal/writer.go:19.26,21.3 1 1
github.com/leonard-atorough/tsdb/internal/writer.go:21.8,23.17 2 0
github.com/leonard-atorough/tsdb/internal/writer.go:23.17,25.4 1 0
github.com/leonard-atorough/tsdb/internal/writer.go:26.3,26.46 1 0
github.com/leonard-atorough/tsdb/internal/writer.go:29.2,30.16 2 1
github.com/leonard-atorough/tsdb/internal/writer.go:30.16,32.3 1 0
github.com/leonard-atorough/tsdb/internal/writer.go:34.2,35.16 2 1
github.com/leonard-atorough/tsdb/internal/writer.go:35.16,37.3 1 0
github.com/leonard-atorough/tsdb/internal/writer.go:39.2,42.8 1 1
github.com/leonard-atorough/tsdb/internal/writer.go:46.67,48.16 2 1
github.com/leonard-atorough/tsdb/internal/writer.go:48.16,50.3 1 0
github.com/leonard-atorough/tsdb/internal/writer.go:51.2,52.16 2 1
github.com/leonard-atorough/tsdb/internal/writer.go:52.16,54.3 1 1
github.com/leonard-atorough/tsdb/internal/writer.go:55.2,55.12 1 1
github.com/leonard-atorough/tsdb/internal/writer.go:59.37,61.16 2 1
github.com/leonard-atorough/tsdb/internal/writer.go:61.16,63.3 1 1
github.com/leonard-atorough/tsdb/internal/writer.go:64.2,64.12 1 1
