mode: set
github.com/leonard-atorough/tsdb/internal/reader/aggregator.go:18.59,25.16 2 1
github.com/leonard-atorough/tsdb/internal/reader/aggregator.go:25.16,27.3 1 0
github.com/leonard-atorough/tsdb/internal/reader/aggregator.go:29.2,29.86 1 1
github.com/leonard-atorough/tsdb/internal/reader/aggregator.go:32.59,39.16 2 1
github.com/leonard-atorough/tsdb/internal/reader/aggregator.go:39.16,41.3 1 0
github.com/leonard-atorough/tsdb/internal/reader/aggregator.go:43.2,43.43 1 1
github.com/leonard-atorough/tsdb/internal/reader/aggregator.go:46.57,53.16 2 1
github.com/leonard-atorough/tsdb/internal/reader/aggregator.go:53.16,55.3 1 0
github.com/leonard-atorough/tsdb/internal/reader/aggregator.go:57.2,57.45 1 1
github.com/leonard-atorough/tsdb/internal/reader/aggregator.go:60.59,67.16 2 1
github.com/leonard-atorough/tsdb/internal/reader/aggregator.go:67.16,69.3 1 0
github.com/leonard-atorough/tsdb/internal/reader/aggregator.go:71.2,73.31 3 1
github.com/leonard-atorough/tsdb/internal/reader/aggregator.go:73.31,74.40 1 1
github.com/leonard-atorough/tsdb/internal/reader/aggregator.go:74.40,75.13 1 1
github.com/leonard-atorough/tsdb/internal/reader/aggregator.go:75.13,78.5 2 1
github.com/leonard-atorough/tsdb/internal/reader/aggregator.go:78.10,78.57 1 1
github.com/leonard-atorough/tsdb/internal/reader/aggregator.go:78.57,80.5 1 0
github.com/leonard-atorough/tsdb/internal/reader/aggregator.go:83.2,83.17 1 1
github.com/leonard-atorough/tsdb/internal/reader/aggregator.go:86.59,93.16 2 1
github.com/leonard-atorough/tsdb/internal/reader/aggregator.go:93.16,95.3 1 0
github.com/leonard-atorough/tsdb/internal/reader/aggregator.go:97.2,99.31 3 1
github.com/leonard-atorough/tsdb/internal/reader/aggregator.go:99.31,100.40 1 1
github.com/leonard-atorough/tsdb/internal/reader/aggregator.go:100.40,101.13 1 1
github.com/leonard-atorough/tsdb/internal/reader/aggregator.go:101.13,104.5 2 1
github.com/leonard-atorough/tsdb/internal/reader/aggregator.go:104.10,104.57 1 1
github.com/leonard-atorough/tsdb/internal/reader/aggregator.go:104.57,106.5 1 1
github.com/leonard-atorough/tsdb/internal/reader/aggregator.go:109.2,109.17 1 1
github.com/leonard-atorough/tsdb/internal/reader/aggregator.go:112.77,116.32 3 1
github.com/leonard-atorough/tsdb/internal/reader/aggregator.go:116.32,117.13 1 1
github.com/leonard-atorough/tsdb/internal/reader/aggregator.go:118.14,120.18 2 1
github.com/leonard-atorough/tsdb/internal/reader/aggregator.go:120.18,122.5 1 0
github.com/leonard-atorough/tsdb/internal/reader/aggregator.go:122.10,124.5 1 1
github.com/leonard-atorough/tsdb/internal/reader/aggregator.go:125.16,127.18 2 1
github.com/leonard-atorough/tsdb/internal/reader/aggregator.go:127.18,129.5 1 0
github.com/leonard-atorough/tsdb/internal/reader/aggregator.go:129.10,131.5 1 1
github.com/leonard-atorough/tsdb/internal/reader/aggregator.go:132.14,134.18 2 1
github.com/leonard-atorough/tsdb/internal/reader/aggregator.go:134.18,136.5 1 0
github.com/leonard-atorough/tsdb/internal/reader/aggregator.go:136.10,138.5 1 1
github.com/leonard-atorough/tsdb/internal/reader/aggregator.go:139.14,141.18 2 1
github.com/leonard-atorough/tsdb/internal/reader/aggregator.go:141.18,143.5 1 0
github.com/leonard-atorough/tsdb/internal/reader/aggregator.go:143.10,145.5 1 1
github.com/leonard-atorough/tsdb/internal/reader/aggregator.go:146.14,148.18 2 1
github.com/leonard-atorough/tsdb/internal/reader/aggregator.go:148.18,150.5 1 0
github.com/leonard-atorough/tsdb/internal/reader/aggregator.go:150.10,152.5 1 1
github.com/leonard-atorough/tsdb/internal/reader/aggregator.go:156.2,156.38 1 1
github.com/leonard-atorough/tsdb/internal/reader/aggregator.go:159.70,161.31 2 1
github.com/leonard-atorough/tsdb/internal/reader/aggregator.go:161.31,162.35 1 1
github.com/leonard-atorough/tsdb/internal/reader/aggregator.go:162.35,164.4 1 1
github.com/leonard-atorough/tsdb/internal/reader/aggregator.go:166.2,166.12 1 1
github.com/leonard-atorough/tsdb/internal/reader/aggregator.go:169.68,171.31 2 1
github.com/leonard-atorough/tsdb/internal/reader/aggregator.go:171.31,172.35 1 1
github.com/leonard-atorough/tsdb/internal/reader/aggregator.go:172.35,174.4 1 1
github.com/leonard-atorough/tsdb/internal/reader/aggregator.go:176.2,176.14 1 1
github.com/leonard-atorough/tsdb/internal/reader/reader.go:16.50,17.30 1 1
github.com/leonard-atorough/tsdb/internal/reader/reader.go:17.30,21.3 1 1
github.com/leonard-atorough/tsdb/internal/reader/reader.go:21.8,23.17 2 0
github.com/leonard-atorough/tsdb/internal/reader/reader.go:23.17,25.4 1 0
github.com/leonard-atorough/tsdb/internal/reader/reader.go:26.3,29.9 2 0
github.com/leonard-atorough/tsdb/internal/reader/reader.go:40.73,42.16 2 1
github.com/leonard-atorough/tsdb/internal/reader/reader.go:42.16,44.3 1 0
github.com/leonard-atorough/tsdb/internal/reader/reader.go:45.2,45.19 1 1
github.com/leonard-atorough/tsdb/internal/reader/reader.go:45.19,47.3 1 1
github.com/leonard-atorough/tsdb/internal/reader/reader.go:48.2,49.16 2 1
github.com/leonard-atorough/tsdb/internal/reader/reader.go:49.16,51.3 1 0
github.com/leonard-atorough/tsdb/internal/reader/reader.go:52.2,53.16 2 1
github.com/leonard-atorough/tsdb/internal/reader/reader.go:53.16,55.3 1 0
github.com/leonard-atorough/tsdb/internal/reader/reader.go:56.2,60.21 4 1
github.com/leonard-atorough/tsdb/internal/reader/reader.go:60.21,62.17 2 1
github.com/leonard-atorough/tsdb/internal/reader/reader.go:62.17,64.12 1 1
github.com/leonard-atorough/tsdb/internal/reader/reader.go:66.3,66.28 1 1
github.com/leonard-atorough/tsdb/internal/reader/reader.go:66.28,67.9 1 0
github.com/leonard-atorough/tsdb/internal/reader/reader.go:70.3,70.62 1 1
github.com/leonard-atorough/tsdb/internal/reader/reader.go:70.62,71.12 1 1
github.com/leonard-atorough/tsdb/internal/reader/reader.go:74.3,74.43 1 1
github.com/leonard-atorough/tsdb/internal/reader/reader.go:74.43,75.12 1 1
github.com/leonard-atorough/tsdb/internal/reader/reader.go:78.3,78.54 1 1
github.com/leonard-atorough/tsdb/internal/reader/reader.go:78.54,79.12 1 1
github.com/leonard-atorough/tsdb/internal/reader/reader.go:82.3,82.35 1 1
github.com/leonard-atorough/tsdb/internal/reader/reader.go:84.2,84.38 1 1
github.com/leonard-atorough/tsdb/internal/reader/reader.go:84.38,86.3 1 0
github.com/leonard-atorough/tsdb/internal/reader/reader.go:87.2,87.21 1 1
github.com/leonard-atorough/tsdb/internal/reader/reader.go:91.80,92.36 1 1
github.com/leonard-atorough/tsdb/internal/reader/reader.go:92.36,93.72 1 1
github.com/leonard-atorough/tsdb/internal/reader/reader.go:93.72,95.4 1 1
github.com/leonard-atorough/tsdb/internal/reader/reader.go:97.2,97.13 1 1
github.com/leonard-atorough/tsdb/internal/reader/reader.go:101.79,103.28 1 1
github.com/leonard-atorough/tsdb/internal/reader/reader.go:103.28,105.3 1 1
github.com/leonard-atorough/tsdb/internal/reader/reader.go:106.2,106.44 1 1
github.com/leonard-atorough/tsdb/internal/reader/reader.go:110.71,112.2 1 1
